[09:52:26] [main/INFO]: Environment: authHost='https://authserver.mojang.com', accountsHost='https://api.mojang.com', sessionHost='https://sessionserver.mojang.com', servicesHost='https://api.minecraftservices.com', name='PROD'
[09:52:28] [main/WARN]: Ambiguity between arguments [teleport, location] and [teleport, destination] with inputs: [0.1 -0.5 .9, 0 0 0]
[09:52:28] [main/WARN]: Ambiguity between arguments [teleport, location] and [teleport, targets] with inputs: [0.1 -0.5 .9, 0 0 0]
[09:52:28] [main/WARN]: Ambiguity between arguments [teleport, destination] and [teleport, targets] with inputs: [Player, 0123, @e, dd12be42-52a9-4a91-a8a1-11c01849e498]
[09:52:28] [main/WARN]: Ambiguity between arguments [teleport, targets] and [teleport, destination] with inputs: [Player, 0123, dd12be42-52a9-4a91-a8a1-11c01849e498]
[09:52:28] [main/WARN]: Ambiguity between arguments [teleport, targets, location] and [teleport, targets, destination] with inputs: [0.1 -0.5 .9, 0 0 0]
[09:52:28] [main/INFO]: Reloading ResourceManager: Default
[09:52:30] [Worker-Main-2/INFO]: Loaded 7 recipes
[09:52:31] [Worker-Main-2/INFO]: Loaded 1137 advancements
[09:52:36] [Server thread/INFO]: Starting minecraft server version 1.17.1
[09:52:36] [Server thread/INFO]: Loading properties
[09:52:36] [Server thread/INFO]: Default game type: SURVIVAL
[09:52:36] [Server thread/INFO]: Generating keypair
[09:52:37] [Server thread/INFO]: Starting Minecraft server on *:25565
[09:52:37] [Server thread/INFO]: Using epoll channel type
[09:52:37] [Server thread/WARN]: **** SERVER IS RUNNING IN OFFLINE/INSECURE MODE!
[09:52:37] [Server thread/WARN]: The server will make no attempt to authenticate usernames. Beware.
[09:52:37] [Server thread/WARN]: While this makes the game possible to play without internet access, it also opens up the ability for hackers to connect with any username they choose.
[09:52:38] [Server thread/WARN]: To change this, set "online-mode" to "true" in the server.properties file.
[09:52:38] [Server thread/INFO]: Preparing level "NoiasCraft"
[09:52:38] [Server thread/INFO]: Preparing start region for dimension minecraft:overworld
[09:52:39] [Worker-Main-2/INFO]: Preparing spawn area: 0%
[09:52:39] [Worker-Main-2/INFO]: Preparing spawn area: 0%
[09:52:39] [Worker-Main-2/INFO]: Preparing spawn area: 0%
[09:52:39] [Worker-Main-2/INFO]: Preparing spawn area: 0%
[09:52:40] [Worker-Main-2/INFO]: Preparing spawn area: 0%
[09:52:40] [Worker-Main-2/INFO]: Preparing spawn area: 0%
[09:52:41] [Worker-Main-2/INFO]: Preparing spawn area: 0%
[09:52:41] [Worker-Main-2/INFO]: Preparing spawn area: 0%
[09:52:42] [Worker-Main-2/INFO]: Preparing spawn area: 0%
[09:52:42] [Worker-Main-2/INFO]: Preparing spawn area: 0%
[09:52:43] [Worker-Main-2/INFO]: Preparing spawn area: 0%
[09:52:43] [Worker-Main-2/INFO]: Preparing spawn area: 0%
[09:52:44] [Worker-Main-2/INFO]: Preparing spawn area: 4%
[09:52:44] [Worker-Main-2/INFO]: Preparing spawn area: 4%
[09:52:45] [Worker-Main-2/INFO]: Preparing spawn area: 4%
[09:52:45] [Worker-Main-2/INFO]: Preparing spawn area: 4%
[09:52:46] [Worker-Main-2/INFO]: Preparing spawn area: 4%
[09:52:46] [Worker-Main-2/INFO]: Preparing spawn area: 4%
[09:52:47] [Worker-Main-2/INFO]: Preparing spawn area: 4%
[09:52:47] [Worker-Main-2/INFO]: Preparing spawn area: 4%
[09:52:48] [Worker-Main-2/INFO]: Preparing spawn area: 12%
[09:52:48] [Worker-Main-2/INFO]: Preparing spawn area: 18%
[09:52:49] [Worker-Main-2/INFO]: Preparing spawn area: 26%
[09:52:49] [Worker-Main-2/INFO]: Preparing spawn area: 38%
[09:52:50] [Worker-Main-2/INFO]: Preparing spawn area: 45%
[09:52:50] [Worker-Main-2/INFO]: Preparing spawn area: 50%
[09:52:51] [Worker-Main-2/INFO]: Preparing spawn area: 54%
[09:52:51] [Worker-Main-2/INFO]: Preparing spawn area: 60%
[09:52:52] [Worker-Main-2/INFO]: Preparing spawn area: 62%
[09:52:52] [Worker-Main-2/INFO]: Preparing spawn area: 63%
[09:52:53] [Worker-Main-2/INFO]: Preparing spawn area: 66%
[09:52:53] [Worker-Main-2/INFO]: Preparing spawn area: 91%
[09:52:54] [Worker-Main-2/INFO]: Preparing spawn area: 99%
[09:52:55] [Server thread/INFO]: Time elapsed: 17099 ms
[09:52:55] [Server thread/INFO]: Done (17.395s)! For help, type "help"
[09:52:57] [Server thread/WARN]: Can't keep up! Is the server overloaded? Running 2292ms or 45 ticks behind
[09:53:17] [Server thread/WARN]: Can't keep up! Is the server overloaded? Running 5001ms or 100 ticks behind
